<?xml version="1.0" encoding="UTF-8"?>
<testng-results ignored="0" total="1" passed="1" failed="0" skipped="0">
  <reporter-output>
  </reporter-output>
  <suite started-at="2024-08-27T20:13:48 IST" name="Surefire suite" finished-at="2024-08-27T20:13:58 IST" duration-ms="9415">
    <groups>
    </groups>
    <test started-at="2024-08-27T20:13:48 IST" name="Surefire test" finished-at="2024-08-27T20:13:58 IST" duration-ms="9415">
      <class name="RestAssuredFramework.ScratchRestAssured.AppTest">
        <test-method signature="shouldAnswerWithTrue()" started-at="2024-08-27T20:13:48 IST" name="shouldAnswerWithTrue" finished-at="2024-08-27T20:13:48 IST" duration-ms="6" status="PASS">
          <reporter-output>
          </reporter-output>
        </test-method> <!-- shouldAnswerWithTrue -->
      </class> <!-- RestAssuredFramework.ScratchRestAssured.AppTest -->
    </test> <!-- Surefire test -->
  </suite> <!-- Surefire suite -->
</testng-results>
